<?xml version="1.0" encoding="UTF-8"?>
<!-- Generated by org.testng.reporters.JUnitReportReporter -->
<testsuite hostname="DESKTOP-BQIV6DO" failures="0" tests="2" name="testngexample.GoogleAppWithBeforeAfterMethod" time="10.791" errors="0" timestamp="19 Apr 2023 09:36:58 GMT" skipped="0">
  <testcase classname="testngexample.GoogleAppWithBeforeAfterMethod" name="testGoogleLandingPage" time="3.634"/>
  <testcase classname="testngexample.GoogleAppWithBeforeAfterMethod" name="testSearch" time="7.157"/>
</testsuite> <!-- testngexample.GoogleAppWithBeforeAfterMethod -->
