<?xml version="1.0" encoding="UTF-8"?>
<!-- Generated by org.testng.reporters.JUnitReportReporter -->
<testsuite hostname="DESKTOP-BQIV6DO" failures="0" tests="2" name="testngexample.ActiTimeExceptionAndTimeout" time="0.008" errors="0" timestamp="19 Apr 2023 09:36:58 GMT" skipped="0">
  <testcase classname="testngexample.ActiTimeExceptionAndTimeout" name="executetimeOut" time="0.008"/>
  <testcase classname="testngexample.ActiTimeExceptionAndTimeout" name="divideByZeroExample1" time="0.000"/>
</testsuite> <!-- testngexample.ActiTimeExceptionAndTimeout -->
