<?xml version="1.0" encoding="UTF-8"?>
<!-- Generated by org.testng.reporters.JUnitReportReporter -->
<testsuite hostname="DESKTOP-BQIV6DO" failures="0" tests="4" name="testngexample.ActiTime" time="11.023" errors="0" timestamp="19 Apr 2023 09:36:57 GMT" skipped="0">
  <testcase classname="testngexample.ActiTime" name="a_openBrowserAndAppURL" time="10.801"/>
  <testcase classname="testngexample.ActiTime" name="c_createTask" time="0.001"/>
  <testcase classname="testngexample.ActiTime" name="d_logoutClose" time="0.001"/>
  <testcase classname="testngexample.ActiTime" name="b_login" time="0.220"/>
</testsuite> <!-- testngexample.ActiTime -->
