<?xml version="1.0" encoding="UTF-8"?>
<!-- Generated by org.testng.reporters.JUnitReportReporter -->
<testsuite hostname="DESKTOP-BQIV6DO" failures="0" tests="1" name="testngexample.FirstTestNgWebScript" time="10.048" errors="0" timestamp="19 Apr 2023 09:36:58 GMT" skipped="0">
  <testcase classname="testngexample.FirstTestNgWebScript" name="testCase1" time="10.048"/>
</testsuite> <!-- testngexample.FirstTestNgWebScript -->
