<?xml version="1.0" encoding="UTF-8"?>
<!-- Generated by org.testng.reporters.JUnitReportReporter -->
<testsuite hostname="DESKTOP-BQIV6DO" failures="0" tests="1" name="testngexample.ActiTimeTimeOut" time="1.804" errors="0" timestamp="19 Apr 2023 09:36:58 GMT" skipped="0">
  <testcase classname="testngexample.ActiTimeTimeOut" name="openBrowserAndAppURL" time="1.804"/>
</testsuite> <!-- testngexample.ActiTimeTimeOut -->
