<?xml version="1.0" encoding="UTF-8"?>
<!-- Generated by org.testng.reporters.JUnitReportReporter -->
<testsuite hostname="DESKTOP-BQIV6DO" failures="0" tests="6" name="testngexample.ActiTimeInvocationCount" time="10.916" errors="0" timestamp="04 Apr 2023 06:48:10 GMT" skipped="0">
  <testcase classname="testngexample.ActiTimeInvocationCount" name="openBrowserAndAppURL" time="1.835"/>
  <testcase classname="testngexample.ActiTimeInvocationCount" name="openBrowserAndAppURL" time="1.820"/>
  <testcase classname="testngexample.ActiTimeInvocationCount" name="openBrowserAndAppURL" time="1.811"/>
  <testcase classname="testngexample.ActiTimeInvocationCount" name="openBrowserAndAppURL" time="1.823"/>
  <testcase classname="testngexample.ActiTimeInvocationCount" name="openBrowserAndAppURL" time="1.818"/>
  <testcase classname="testngexample.ActiTimeInvocationCount" name="openBrowserAndAppURL" time="1.809"/>
</testsuite> <!-- testngexample.ActiTimeInvocationCount -->
