<?xml version="1.0" encoding="UTF-8"?>
<!-- Generated by org.testng.reporters.JUnitReportReporter -->
<testsuite hostname="DESKTOP-BQIV6DO" failures="0" tests="1" name="javaScriptExecutorExample.Example3" time="5.887" errors="0" timestamp="07 Apr 2023 18:15:21 GMT" skipped="0">
  <testcase classname="javaScriptExecutorExample.Example3" name="testCase1" time="5.887"/>
</testsuite> <!-- javaScriptExecutorExample.Example3 -->
