<?xml version="1.0" encoding="UTF-8"?>
<!-- Generated by org.testng.reporters.JUnitReportReporter -->
<testsuite hostname="DESKTOP-BQIV6DO" failures="0" tests="2" name="advancedtestng.ParallelTestExecution" time="20.422" errors="0" timestamp="11 Apr 2023 09:42:05 GMT" skipped="0">
  <testcase classname="advancedtestng.ParallelTestExecution" name="testLoginOfVtiger" time="11.304"/>
  <testcase classname="advancedtestng.ParallelTestExecution" name="testLoginOfVtiger" time="9.118"/>
</testsuite> <!-- advancedtestng.ParallelTestExecution -->
