<?xml version="1.0" encoding="UTF-8"?>
<!-- Generated by org.testng.reporters.JUnitReportReporter -->
<testsuite hostname="DESKTOP-BQIV6DO" failures="0" tests="2" name="testngexample.GoogleAppBeforeAfter" time="16.417" errors="0" timestamp="04 Apr 2023 14:33:03 GMT" skipped="0">
  <testcase classname="testngexample.GoogleAppBeforeAfter" name="testVtigerHomePage" time="9.159"/>
  <testcase classname="testngexample.GoogleAppBeforeAfter" name="testReportsPage" time="7.258"/>
</testsuite> <!-- testngexample.GoogleAppBeforeAfter -->
