<?xml version="1.0" encoding="UTF-8"?>
<!-- Generated by org.testng.reporters.JUnitReportReporter -->
<testsuite hostname="DESKTOP-BQIV6DO" failures="0" tests="1" name="javaScriptExecutorExample.Example2" time="12.050" errors="0" timestamp="06 Apr 2023 16:39:07 GMT" skipped="0">
  <testcase classname="javaScriptExecutorExample.Example2" name="testCase1" time="12.050"/>
</testsuite> <!-- javaScriptExecutorExample.Example2 -->
