<?xml version="1.0" encoding="UTF-8"?>
<!-- Generated by org.testng.reporters.JUnitReportReporter -->
<testsuite hostname="DESKTOP-BQIV6DO" failures="0" tests="1" name="dataDrivenTesting.ActiTimeLogin" time="18.173" errors="0" timestamp="10 Apr 2023 12:51:31 GMT" skipped="0">
  <testcase classname="dataDrivenTesting.ActiTimeLogin" name="actitimeLogin" time="18.173"/>
</testsuite> <!-- dataDrivenTesting.ActiTimeLogin -->
