<?xml version="1.0" encoding="UTF-8"?>
<!-- Generated by org.testng.reporters.JUnitReportReporter -->
<testsuite hostname="DESKTOP-BQIV6DO" failures="0" tests="1" name="dataDrivenTesting.Assignment6" time="28.641" errors="0" timestamp="10 Apr 2023 18:05:05 GMT" skipped="0">
  <testcase classname="dataDrivenTesting.Assignment6" name="actitimeLogin" time="28.641"/>
</testsuite> <!-- dataDrivenTesting.Assignment6 -->
