<?xml version="1.0" encoding="UTF-8"?>
<!-- Generated by org.testng.reporters.JUnitReportReporter -->
<testsuite hostname="DESKTOP-BQIV6DO" failures="0" tests="1" name="dataDrivenTesting.Assingment4" time="53.480" errors="0" timestamp="10 Apr 2023 17:47:55 GMT" skipped="0">
  <testcase classname="dataDrivenTesting.Assingment4" name="actitimeLogin" time="53.480"/>
</testsuite> <!-- dataDrivenTesting.Assingment4 -->
