<?xml version="1.0" encoding="UTF-8"?>
<!-- Generated by org.testng.reporters.JUnitReportReporter -->
<testsuite hostname="DESKTOP-BQIV6DO" failures="0" tests="2" name="advancedtestng.GroupExample" time="0.053" errors="0" timestamp="12 Apr 2023 09:23:49 GMT" skipped="0">
  <testcase classname="advancedtestng.GroupExample" name="testCaseFive" time="0.049"/>
  <testcase classname="advancedtestng.GroupExample" name="testCaseThree" time="0.004"/>
</testsuite> <!-- advancedtestng.GroupExample -->
