<?xml version="1.0" encoding="UTF-8"?>
<!-- Generated by org.testng.reporters.JUnitReportReporter -->
<testsuite hostname="DESKTOP-BQIV6DO" failures="0" tests="1" name="windowHandling.HandlingWindow" time="6.253" errors="0" timestamp="09 Apr 2023 06:47:16 GMT" skipped="0">
  <testcase classname="windowHandling.HandlingWindow" name="testWindowHandling" time="6.253"/>
</testsuite> <!-- windowHandling.HandlingWindow -->
