<?xml version="1.0" encoding="UTF-8"?>
<!-- Generated by org.testng.reporters.JUnitReportReporter -->
<testsuite hostname="DESKTOP-BQIV6DO" failures="0" tests="1" name="testngexample.Example1" time="0.032" errors="0" timestamp="19 Apr 2023 08:36:56 GMT" skipped="0">
  <testcase classname="testngexample.Example1" name="TC" time="0.032"/>
</testsuite> <!-- testngexample.Example1 -->
