<?xml version="1.0" encoding="UTF-8"?>
<!-- Generated by org.testng.reporters.JUnitReportReporter -->
<testsuite hostname="DESKTOP-BQIV6DO" failures="0" tests="2" name="javaScriptExecutorExample.Example1" time="15.486" errors="0" timestamp="06 Apr 2023 16:35:20 GMT" skipped="0">
  <testcase classname="javaScriptExecutorExample.Example1" name="testCase1" time="7.620"/>
  <testcase classname="javaScriptExecutorExample.Example1" name="testCase2" time="7.866"/>
</testsuite> <!-- javaScriptExecutorExample.Example1 -->
