<?xml version="1.0" encoding="UTF-8"?>
<!-- Generated by org.testng.reporters.JUnitReportReporter -->
<testsuite hostname="DESKTOP-BQIV6DO" failures="0" tests="1" name="dataDrivenTesting.ExcelReading" time="1.145" errors="0" timestamp="11 Apr 2023 12:28:43 GMT" skipped="0">
  <testcase classname="dataDrivenTesting.ExcelReading" name="readAllDataFromSheet" time="1.145"/>
</testsuite> <!-- dataDrivenTesting.ExcelReading -->
