<?xml version="1.0" encoding="UTF-8"?>
<!-- Generated by org.testng.reporters.JUnitReportReporter -->
<testsuite hostname="DESKTOP-BQIV6DO" failures="0" tests="1" name="dataDrivenTesting.ExcelUpdate" time="1.022" errors="0" timestamp="10 Apr 2023 12:26:50 GMT" skipped="0">
  <testcase classname="dataDrivenTesting.ExcelUpdate" name="updateCellDetails" time="1.022"/>
</testsuite> <!-- dataDrivenTesting.ExcelUpdate -->
