<?xml version="1.0" encoding="UTF-8"?>
<!-- Generated by org.testng.reporters.JUnitReportReporter -->
<testsuite hostname="DESKTOP-BQIV6DO" failures="0" tests="1" name="dataDrivenTesting.Assignment1" time="52.313" errors="0" timestamp="10 Apr 2023 17:09:03 GMT" skipped="0">
  <testcase classname="dataDrivenTesting.Assignment1" name="VtigerLogin" time="52.313"/>
</testsuite> <!-- dataDrivenTesting.Assignment1 -->
