<?xml version="1.0" encoding="UTF-8"?>
<!-- Generated by org.testng.reporters.JUnitReportReporter -->
<testsuite hostname="DESKTOP-BQIV6DO" failures="0" tests="2" name="advancedtestng.IncludeAndExcludeTestMethod" time="0.055" errors="0" timestamp="11 Apr 2023 08:34:57 GMT" skipped="0">
  <testcase classname="advancedtestng.IncludeAndExcludeTestMethod" name="addDepartmentTestCase" time="0.050"/>
  <testcase classname="advancedtestng.IncludeAndExcludeTestMethod" name="addEmployeeTestCase" time="0.005"/>
</testsuite> <!-- advancedtestng.IncludeAndExcludeTestMethod -->
