<?xml version="1.0" encoding="UTF-8"?>
<!-- Generated by org.testng.reporters.JUnitReportReporter -->
<testsuite hostname="DESKTOP-BQIV6DO" failures="0" tests="4" name="testngexample.ActiTimePriority" time="0.030" errors="0" timestamp="04 Apr 2023 07:12:12 GMT" skipped="0">
  <testcase classname="testngexample.ActiTimePriority" name="openBrowserAndAppURL" time="0.020"/>
  <testcase classname="testngexample.ActiTimePriority" name="login" time="0.002"/>
  <testcase classname="testngexample.ActiTimePriority" name="createTask" time="0.004"/>
  <testcase classname="testngexample.ActiTimePriority" name="logoutClose" time="0.004"/>
</testsuite> <!-- testngexample.ActiTimePriority -->
