<?xml version="1.0" encoding="UTF-8"?>
<!-- Generated by org.testng.reporters.JUnitReportReporter -->
<testsuite hostname="DESKTOP-BQIV6DO" failures="0" tests="1" name="BrokenLinkExample.Example1" time="13.474" errors="0" timestamp="07 Apr 2023 18:03:26 GMT" skipped="0">
  <testcase classname="BrokenLinkExample.Example1" name="testLinks" time="13.474"/>
</testsuite> <!-- BrokenLinkExample.Example1 -->
