<?xml version="1.0" encoding="UTF-8"?>
<!-- Generated by org.testng.reporters.JUnitReportReporter -->
<testsuite hostname="DESKTOP-BQIV6DO" failures="0" tests="1" name="testngexample.FirstTestNgWebScript" time="7.056" errors="0" timestamp="19 Apr 2023 08:36:56 GMT" skipped="0">
  <testcase classname="testngexample.FirstTestNgWebScript" name="testCase1" time="7.056"/>
</testsuite> <!-- testngexample.FirstTestNgWebScript -->
