<?xml version="1.0" encoding="UTF-8"?>
<!-- Generated by org.testng.reporters.JUnitReportReporter -->
<testsuite hostname="DESKTOP-BQIV6DO" failures="0" tests="2" name="testngexample.GoogleAppWithBeforeAfterMethod" time="12.958" errors="0" timestamp="19 Apr 2023 08:36:56 GMT" skipped="0">
  <testcase classname="testngexample.GoogleAppWithBeforeAfterMethod" name="testGoogleLandingPage" time="3.593"/>
  <testcase classname="testngexample.GoogleAppWithBeforeAfterMethod" name="testSearch" time="9.365"/>
</testsuite> <!-- testngexample.GoogleAppWithBeforeAfterMethod -->
