<?xml version="1.0" encoding="UTF-8"?>
<!-- Generated by org.testng.reporters.JUnitReportReporter -->
<testsuite hostname="DESKTOP-BQIV6DO" failures="0" tests="3" name="advancedtestng.DataProviderExample" time="20.060" errors="0" timestamp="11 Apr 2023 10:25:58 GMT" skipped="0">
  <testcase classname="advancedtestng.DataProviderExample" name="testLoginOfVtiger" time="7.529"/>
  <testcase classname="advancedtestng.DataProviderExample" name="testLoginOfVtiger" time="7.025"/>
  <testcase classname="advancedtestng.DataProviderExample" name="testLoginOfVtiger" time="5.506"/>
</testsuite> <!-- advancedtestng.DataProviderExample -->
