<?xml version="1.0" encoding="UTF-8"?>
<!-- Generated by org.testng.reporters.JUnitReportReporter -->
<testsuite hostname="DESKTOP-BQIV6DO" failures="0" tests="1" name="dataDrivenTesting.Assignment5" time="21.006" errors="0" timestamp="10 Apr 2023 18:00:17 GMT" skipped="0">
  <testcase classname="dataDrivenTesting.Assignment5" name="actitimeLogin" time="21.006"/>
</testsuite> <!-- dataDrivenTesting.Assignment5 -->
