<?xml version="1.0" encoding="UTF-8"?>
<!-- Generated by org.testng.reporters.JUnitReportReporter -->
<testsuite hostname="DESKTOP-BQIV6DO" failures="0" tests="4" name="testngexample.ActiTimeEnabled" time="0.034" errors="0" timestamp="04 Apr 2023 07:04:36 GMT" skipped="1">
  <testcase classname="testngexample.ActiTimeEnabled" name="createTask" time="0.029"/>
  <testcase classname="testngexample.ActiTimeEnabled" name="openBrowserAndAppURL" time="0.002"/>
  <testcase classname="testngexample.ActiTimeEnabled" name="logoutClose" time="0.003"/>
  <testcase classname="testngexample.ActiTimeEnabled" name="login">
    <skipped/>
  </testcase> <!-- login -->
</testsuite> <!-- testngexample.ActiTimeEnabled -->
