<?xml version="1.0" encoding="UTF-8"?>
<!-- Generated by org.testng.reporters.JUnitReportReporter -->
<testsuite hostname="DESKTOP-BQIV6DO" failures="0" tests="6" name="testscripts1.TestVtiger" time="30.299" errors="0" timestamp="16 Apr 2023 15:24:55 GMT" skipped="0">
  <testcase classname="testscripts1.TestVtiger" name="testLoginLogout" time="7.792"/>
  <testcase classname="testscripts1.TestVtiger" name="vtigerHome" time="3.930"/>
  <testcase classname="testscripts1.TestVtiger" name="addDetails" time="3.162"/>
  <testcase classname="testscripts1.TestVtiger" name="addNewCampaignDetails" time="7.108"/>
  <testcase classname="testscripts1.TestVtiger" name="CampaignEditDeleteDetails" time="3.916"/>
  <testcase classname="testscripts1.TestVtiger" name="delete" time="4.391"/>
</testsuite> <!-- testscripts1.TestVtiger -->
